<?xml version="1.0" encoding="UTF-8"?>
<testng-results skipped="0" failed="0" total="1" passed="1">
  <reporter-output>
  </reporter-output>
  <suite name="Suite" duration-ms="10797" started-at="2018-07-12T21:44:33Z" finished-at="2018-07-12T21:44:44Z">
    <groups>
    </groups>
    <test name="Test" duration-ms="10797" started-at="2018-07-12T21:44:33Z" finished-at="2018-07-12T21:44:44Z">
      <class name="com.acuitybrands.aatf.allspice.adminui.LoginPageTest">
        <test-method status="PASS" signature="setup()[pri:0, instance:com.acuitybrands.aatf.allspice.adminui.LoginPageTest@50f8360d]" name="setup" is-config="true" duration-ms="5424" started-at="2018-07-13T03:14:33Z" finished-at="2018-07-13T03:14:39Z">
          <reporter-output>
          </reporter-output>
        </test-method> <!-- setup -->
        <test-method status="PASS" signature="ValidLoginTest_ValidUserNameValidPassword()[pri:0, instance:com.acuitybrands.aatf.allspice.adminui.LoginPageTest@50f8360d]" name="ValidLoginTest_ValidUserNameValidPassword" duration-ms="5355" started-at="2018-07-13T03:14:39Z" finished-at="2018-07-13T03:14:44Z">
          <reporter-output>
          </reporter-output>
        </test-method> <!-- ValidLoginTest_ValidUserNameValidPassword -->
        <test-method status="PASS" signature="teardown()[pri:0, instance:com.acuitybrands.aatf.allspice.adminui.LoginPageTest@50f8360d]" name="teardown" is-config="true" duration-ms="0" started-at="2018-07-13T03:14:44Z" finished-at="2018-07-13T03:14:44Z">
          <reporter-output>
          </reporter-output>
        </test-method> <!-- teardown -->
      </class> <!-- com.acuitybrands.aatf.allspice.adminui.LoginPageTest -->
    </test> <!-- Test -->
  </suite> <!-- Suite -->
</testng-results>
